#
# There is insufficient memory for the Java Runtime Environment to continue.
# Native memory allocation (malloc) failed to allocate 1233952 bytes. Error detail: Chunk::new
# Possible reasons:
#   The system is out of physical RAM or swap space
#   This process is running with CompressedOops enabled, and the Java Heap may be blocking the growth of the native heap
# Possible solutions:
#   Reduce memory load on the system
#   Increase physical memory or swap space
#   Check if swap backing store is full
#   Decrease Java heap size (-Xmx/-Xms)
#   Decrease number of Java threads
#   Decrease Java thread stack sizes (-Xss)
#   Set larger code cache with -XX:ReservedCodeCacheSize=
#   JVM is running with Unscaled Compressed Oops mode in which the Java heap is
#     placed in the first 4GB address space. The Java Heap base address is the
#     maximum limit for the native heap growth. Please use -XX:HeapBaseMinAddress
#     to set the Java Heap base and to place the Java Heap above 4GB virtual address.
# This output file may be truncated or incomplete.
#
#  Out of Memory Error (arena.cpp:168), pid=35088, tid=13940
#
# JRE version: OpenJDK Runtime Environment Temurin-21.0.9+10 (21.0.9+10) (build 21.0.9+10-LTS)
# Java VM: OpenJDK 64-Bit Server VM Temurin-21.0.9+10 (21.0.9+10-LTS, mixed mode, sharing, tiered, compressed oops, compressed class ptrs, parallel gc, windows-amd64)
# No core dump will be written. Minidumps are not enabled by default on client versions of Windows
#

---------------  S U M M A R Y ------------

Command Line: --add-modules=ALL-SYSTEM --add-opens=java.base/java.util=ALL-UNNAMED --add-opens=java.base/java.lang=ALL-UNNAMED --add-opens=java.base/sun.nio.fs=ALL-UNNAMED -Declipse.application=org.eclipse.jdt.ls.core.id1 -Dosgi.bundles.defaultStartLevel=4 -Declipse.product=org.eclipse.jdt.ls.core.product -Djava.import.generatesMetadataFilesAtProjectRoot=false -DDetectVMInstallationsJob.disabled=true -Dfile.encoding=utf8 -XX:+UseParallelGC -XX:GCTimeRatio=4 -XX:AdaptiveSizePolicyWeight=90 -Dsun.zip.disableMemoryMapping=true -Xmx2G -Xms100m -Xlog:disable -javaagent:c:\Users\acer\.vscode\extensions\redhat.java-1.50.0-win32-x64\lombok\lombok-1.18.39-4050.jar -XX:+HeapDumpOnOutOfMemoryError -XX:HeapDumpPath=c:\Users\acer\AppData\Roaming\Code\User\workspaceStorage\e195d4dfb732023b75cab44c90ab7c22\redhat.java -Daether.dependencyCollector.impl=bf c:\Users\acer\.vscode\extensions\redhat.java-1.50.0-win32-x64\server\plugins\org.eclipse.equinox.launcher_1.7.100.v20251111-0406.jar -configuration c:\Users\acer\AppData\Roaming\Code\User\globalStorage\redhat.java\1.50.0\config_win -data c:\Users\acer\AppData\Roaming\Code\User\workspaceStorage\e195d4dfb732023b75cab44c90ab7c22\redhat.java\jdt_ws --pipe=\\.\pipe\lsp-ac3f7733975a4e19bca28f118f69f624-sock

Host: Intel(R) Core(TM) i5-9300H CPU @ 2.40GHz, 8 cores, 7G,  Windows 11 , 64 bit Build 26100 (10.0.26100.7309)
Time: Thu Dec 18 09:22:28 2025 India Standard Time elapsed time: 448.183298 seconds (0d 0h 7m 28s)

---------------  T H R E A D  ---------------

Current thread (0x00000224c877d3a0):  JavaThread "C2 CompilerThread0" daemon [_thread_in_native, id=13940, stack(0x00000069d1600000,0x00000069d1700000) (1024K)]


Current CompileTask:
C2:448183 9923 %     4       org.lombokweb.asm.ClassReader::readCode @ 2037 (5117 bytes)

Stack: [0x00000069d1600000,0x00000069d1700000]
Native frames: (J=compiled Java code, j=interpreted, Vv=VM code, C=native code)
V  [jvm.dll+0x6d6e29]
V  [jvm.dll+0x8b4b76]
V  [jvm.dll+0x8b712e]
V  [jvm.dll+0x8b7813]
V  [jvm.dll+0x283d86]
V  [jvm.dll+0xc66ed]
V  [jvm.dll+0xc6c31]
V  [jvm.dll+0x3be53b]
V  [jvm.dll+0x1e3b52]
V  [jvm.dll+0x24c0f3]
V  [jvm.dll+0x24b580]
V  [jvm.dll+0x1cb13e]
V  [jvm.dll+0x25b29d]
V  [jvm.dll+0x25982a]
V  [jvm.dll+0x3f7ea6]
V  [jvm.dll+0x85e9ad]
V  [jvm.dll+0x6d565d]
C  [ucrtbase.dll+0x37b0]
C  [KERNEL32.DLL+0x2e8d7]
C  [ntdll.dll+0x8c53c]


---------------  P R O C E S S  ---------------

Threads class SMR info:
_java_thread_list=0x000002251469f380, length=43, elements={
0x00000224afff4e50, 0x00000224b00abb10, 0x00000224b00ae210, 0x00000224c8777f60,
0x00000224c8778bb0, 0x00000224c877b710, 0x00000224c877c160, 0x00000224c877d3a0,
0x00000224c87ad4c0, 0x000002250b3c2830, 0x000002250b59fab0, 0x000002250bdf0670,
0x000002250b70a1f0, 0x000002250b70bc40, 0x000002250b89ef60, 0x000002250bcd1200,
0x000002251019a3e0, 0x000002251017e5c0, 0x000002251033e020, 0x00000225105a1f30,
0x00000225105a1210, 0x00000225105a18a0, 0x00000225105a04f0, 0x000002251059fe60,
0x0000022513582380, 0x0000022513580fd0, 0x0000022513582a10, 0x0000022513581660,
0x00000225135830a0, 0x0000022513583730, 0x00000225135802b0, 0x0000022513581cf0,
0x0000022513583dc0, 0x0000022513580940, 0x0000022514262150, 0x00000225142627e0,
0x0000022514264f40, 0x00000225142655d0, 0x00000225142662f0, 0x0000022514266980,
0x0000022514267010, 0x0000022514263b90, 0x00000225122eba90
}

Java Threads: ( => current thread )
  0x00000224afff4e50 JavaThread "main"                              [_thread_blocked, id=5480, stack(0x00000069d0c00000,0x00000069d0d00000) (1024K)]
  0x00000224b00abb10 JavaThread "Reference Handler"          daemon [_thread_blocked, id=26900, stack(0x00000069d1000000,0x00000069d1100000) (1024K)]
  0x00000224b00ae210 JavaThread "Finalizer"                  daemon [_thread_blocked, id=19132, stack(0x00000069d1100000,0x00000069d1200000) (1024K)]
  0x00000224c8777f60 JavaThread "Signal Dispatcher"          daemon [_thread_blocked, id=28824, stack(0x00000069d1200000,0x00000069d1300000) (1024K)]
  0x00000224c8778bb0 JavaThread "Attach Listener"            daemon [_thread_blocked, id=31764, stack(0x00000069d1300000,0x00000069d1400000) (1024K)]
  0x00000224c877b710 JavaThread "Service Thread"             daemon [_thread_blocked, id=31988, stack(0x00000069d1400000,0x00000069d1500000) (1024K)]
  0x00000224c877c160 JavaThread "Monitor Deflation Thread"   daemon [_thread_blocked, id=4232, stack(0x00000069d1500000,0x00000069d1600000) (1024K)]
=>0x00000224c877d3a0 JavaThread "C2 CompilerThread0"         daemon [_thread_in_native, id=13940, stack(0x00000069d1600000,0x00000069d1700000) (1024K)]
  0x00000224c87ad4c0 JavaThread "C1 CompilerThread0"         daemon [_thread_in_vm, id=13912, stack(0x00000069d1700000,0x00000069d1800000) (1024K)]
  0x000002250b3c2830 JavaThread "Common-Cleaner"             daemon [_thread_blocked, id=2876, stack(0x00000069d1800000,0x00000069d1900000) (1024K)]
  0x000002250b59fab0 JavaThread "Notification Thread"        daemon [_thread_blocked, id=23780, stack(0x00000069d1900000,0x00000069d1a00000) (1024K)]
  0x000002250bdf0670 JavaThread "Active Thread: Equinox Container: 89a3c358-96c0-4208-baa4-992cb0f51702"        [_thread_blocked, id=34264, stack(0x00000069d1a00000,0x00000069d1b00000) (1024K)]
  0x000002250b70a1f0 JavaThread "Refresh Thread: Equinox Container: 89a3c358-96c0-4208-baa4-992cb0f51702" daemon [_thread_blocked, id=29128, stack(0x00000069d2200000,0x00000069d2300000) (1024K)]
  0x000002250b70bc40 JavaThread "Framework Event Dispatcher: Equinox Container: 89a3c358-96c0-4208-baa4-992cb0f51702" daemon [_thread_blocked, id=31280, stack(0x00000069d2300000,0x00000069d2400000) (1024K)]
  0x000002250b89ef60 JavaThread "Start Level: Equinox Container: 89a3c358-96c0-4208-baa4-992cb0f51702" daemon [_thread_blocked, id=24720, stack(0x00000069d2400000,0x00000069d2500000) (1024K)]
  0x000002250bcd1200 JavaThread "Bundle File Closer"         daemon [_thread_blocked, id=24424, stack(0x00000069d2500000,0x00000069d2600000) (1024K)]
  0x000002251019a3e0 JavaThread "SCR Component Actor"        daemon [_thread_blocked, id=3400, stack(0x00000069d2600000,0x00000069d2700000) (1024K)]
  0x000002251017e5c0 JavaThread "Worker-JM"                         [_thread_blocked, id=36624, stack(0x00000069d2800000,0x00000069d2900000) (1024K)]
  0x000002251033e020 JavaThread "JNA Cleaner"                daemon [_thread_blocked, id=10700, stack(0x00000069d2700000,0x00000069d2800000) (1024K)]
  0x00000225105a1f30 JavaThread "Worker-3"                          [_thread_blocked, id=32476, stack(0x00000069d2d00000,0x00000069d2e00000) (1024K)]
  0x00000225105a1210 JavaThread "Java indexing"              daemon [_thread_blocked, id=35752, stack(0x00000069d2e00000,0x00000069d2f00000) (1024K)]
  0x00000225105a18a0 JavaThread "Worker-4"                          [_thread_blocked, id=35428, stack(0x00000069d3100000,0x00000069d3200000) (1024K)]
  0x00000225105a04f0 JavaThread "Thread-1"                   daemon [_thread_in_native, id=34520, stack(0x00000069d3300000,0x00000069d3400000) (1024K)]
  0x000002251059fe60 JavaThread "Thread-2"                   daemon [_thread_in_native, id=30808, stack(0x00000069d3400000,0x00000069d3500000) (1024K)]
  0x0000022513582380 JavaThread "Thread-3"                   daemon [_thread_in_native, id=35124, stack(0x00000069d3500000,0x00000069d3600000) (1024K)]
  0x0000022513580fd0 JavaThread "Thread-4"                   daemon [_thread_in_native, id=11900, stack(0x00000069d3600000,0x00000069d3700000) (1024K)]
  0x0000022513582a10 JavaThread "Thread-5"                   daemon [_thread_in_native, id=36840, stack(0x00000069d3700000,0x00000069d3800000) (1024K)]
  0x0000022513581660 JavaThread "Thread-6"                   daemon [_thread_in_native, id=34716, stack(0x00000069d3800000,0x00000069d3900000) (1024K)]
  0x00000225135830a0 JavaThread "Thread-7"                   daemon [_thread_in_native, id=14004, stack(0x00000069d3900000,0x00000069d3a00000) (1024K)]
  0x0000022513583730 JavaThread "Thread-8"                   daemon [_thread_in_native, id=35064, stack(0x00000069d3a00000,0x00000069d3b00000) (1024K)]
  0x00000225135802b0 JavaThread "Thread-9"                   daemon [_thread_in_native, id=34112, stack(0x00000069d3b00000,0x00000069d3c00000) (1024K)]
  0x0000022513581cf0 JavaThread "pool-2-thread-1"                   [_thread_blocked, id=32284, stack(0x00000069d3c00000,0x00000069d3d00000) (1024K)]
  0x0000022513583dc0 JavaThread "WorkspaceEventsHandler"            [_thread_blocked, id=23584, stack(0x00000069d3d00000,0x00000069d3e00000) (1024K)]
  0x0000022513580940 JavaThread "pool-1-thread-1"                   [_thread_blocked, id=36284, stack(0x00000069d3e00000,0x00000069d3f00000) (1024K)]
  0x0000022514262150 JavaThread "Cleaner-0"                  daemon [_thread_blocked, id=25892, stack(0x00000069d4d00000,0x00000069d4e00000) (1024K)]
  0x00000225142627e0 JavaThread "ForkJoinPool.commonPool-worker-6" daemon [_thread_blocked, id=32548, stack(0x00000069d0900000,0x00000069d0a00000) (1024K)]
  0x0000022514264f40 JavaThread "ForkJoinPool.commonPool-worker-7" daemon [_thread_blocked, id=32604, stack(0x00000069d0a00000,0x00000069d0b00000) (1024K)]
  0x00000225142655d0 JavaThread "ForkJoinPool.commonPool-worker-8" daemon [_thread_blocked, id=35212, stack(0x00000069d0b00000,0x00000069d0c00000) (1024K)]
  0x00000225142662f0 JavaThread "ForkJoinPool.commonPool-worker-9" daemon [_thread_blocked, id=19656, stack(0x00000069d2900000,0x00000069d2a00000) (1024K)]
  0x0000022514266980 JavaThread "ForkJoinPool.commonPool-worker-10" daemon [_thread_blocked, id=23852, stack(0x00000069d2a00000,0x00000069d2b00000) (1024K)]
  0x0000022514267010 JavaThread "ForkJoinPool.commonPool-worker-11" daemon [_thread_blocked, id=8856, stack(0x00000069d2b00000,0x00000069d2c00000) (1024K)]
  0x0000022514263b90 JavaThread "ForkJoinPool.commonPool-worker-12" daemon [_thread_in_native, id=12176, stack(0x00000069d2c00000,0x00000069d2d00000) (1024K)]
  0x00000225122eba90 JavaThread "C2 CompilerThread1"         daemon [_thread_blocked, id=24804, stack(0x00000069d2f00000,0x00000069d3000000) (1024K)]
Total: 43

Other Threads:
  0x00000224c8772d60 VMThread "VM Thread"                           [id=31156, stack(0x00000069d0f00000,0x00000069d1000000) (1024K)]
  0x00000224c868ca00 WatcherThread "VM Periodic Task Thread"        [id=29736, stack(0x00000069d0e00000,0x00000069d0f00000) (1024K)]
  0x00000224b00123d0 WorkerThread "GC Thread#0"                     [id=36580, stack(0x00000069d0d00000,0x00000069d0e00000) (1024K)]
  0x000002250b9cbeb0 WorkerThread "GC Thread#1"                     [id=12172, stack(0x00000069d1b00000,0x00000069d1c00000) (1024K)]
  0x000002250b9c6e40 WorkerThread "GC Thread#2"                     [id=28768, stack(0x00000069d1c00000,0x00000069d1d00000) (1024K)]
  0x000002250b9c71e0 WorkerThread "GC Thread#3"                     [id=36212, stack(0x00000069d1d00000,0x00000069d1e00000) (1024K)]
  0x000002250b9c7580 WorkerThread "GC Thread#4"                     [id=21728, stack(0x00000069d1e00000,0x00000069d1f00000) (1024K)]
  0x000002250b9c7920 WorkerThread "GC Thread#5"                     [id=33924, stack(0x00000069d1f00000,0x00000069d2000000) (1024K)]
  0x000002250b9b3270 WorkerThread "GC Thread#6"                     [id=27024, stack(0x00000069d2000000,0x00000069d2100000) (1024K)]
  0x000002250bcd9a70 WorkerThread "GC Thread#7"                     [id=36380, stack(0x00000069d2100000,0x00000069d2200000) (1024K)]
Total: 10

Threads with active compile tasks:
C2 CompilerThread0  448236 9923 %     4       org.lombokweb.asm.ClassReader::readCode @ 2037 (5117 bytes)
Total: 1

VM state: not at safepoint (normal execution)

VM Mutex/Monitor currently owned by a thread: None

Heap address: 0x0000000080000000, size: 2048 MB, Compressed Oops mode: 32-bit

CDS archive(s) mapped at: [0x00000224c9000000-0x00000224c9ba0000-0x00000224c9ba0000), size 12189696, SharedBaseAddress: 0x00000224c9000000, ArchiveRelocationMode: 1.
Compressed class space mapped at: 0x00000224ca000000-0x000002250a000000, reserved size: 1073741824
Narrow klass base: 0x00000224c9000000, Narrow klass shift: 0, Narrow klass range: 0x100000000

GC Precious Log:
 CardTable entry size: 512
 CPUs: 8 total, 8 available
 Memory: 8029M
 Large Page Support: Disabled
 NUMA Support: Disabled
 Compressed Oops: Enabled (32-bit)
 Alignments: Space 512K, Generation 512K, Heap 2M
 Heap Min Capacity: 100M
 Heap Initial Capacity: 100M
 Heap Max Capacity: 2G
 Pre-touch: Disabled
 Parallel Workers: 8

Heap:
 PSYoungGen      total 18432K, used 4904K [0x00000000d5580000, 0x00000000d6b00000, 0x0000000100000000)
  eden space 16896K, 21% used [0x00000000d5580000,0x00000000d58fd340,0x00000000d6600000)
  from space 1536K, 86% used [0x00000000d6900000,0x00000000d6a4cd78,0x00000000d6a80000)
  to   space 512K, 0% used [0x00000000d6a80000,0x00000000d6a80000,0x00000000d6b00000)
 ParOldGen       total 68608K, used 49664K [0x0000000080000000, 0x0000000084300000, 0x00000000d5580000)
  object space 68608K, 72% used [0x0000000080000000,0x0000000083080248,0x0000000084300000)
 Metaspace       used 68570K, committed 69952K, reserved 1114112K
  class space    used 7399K, committed 8064K, reserved 1048576K

Card table byte_map: [0x00000224c3ac0000,0x00000224c3ed0000] _byte_map_base: 0x00000224c36c0000

Marking Bits: (ParMarkBitMap*) 0x00007ffd900f2460
 Begin Bits: [0x00000224c4180000, 0x00000224c6180000)
 End Bits:   [0x00000224c6180000, 0x00000224c8180000)

Polling page: 0x00000224b48b0000

Metaspace:

Usage:
  Non-class:     59.75 MB used.
      Class:      7.23 MB used.
       Both:     66.97 MB used.

Virtual space:
  Non-class space:       64.00 MB reserved,      60.44 MB ( 94%) committed,  1 nodes.
      Class space:        1.00 GB reserved,       7.88 MB ( <1%) committed,  1 nodes.
             Both:        1.06 GB reserved,      68.31 MB (  6%) committed. 

Chunk freelists:
   Non-Class:  3.14 MB
       Class:  8.09 MB
        Both:  11.23 MB

MaxMetaspaceSize: unlimited
CompressedClassSpaceSize: 1.00 GB
Initial GC threshold: 21.00 MB
Current GC threshold: 97.31 MB
CDS: on
 - commit_granule_bytes: 65536.
 - commit_granule_words: 8192.
 - virtual_space_node_default_size: 8388608.
 - enlarge_chunks_in_place: 1.
 - use_allocation_guard: 0.


Internal statistics:

num_allocs_failed_limit: 9.
num_arena_births: 1032.
num_arena_deaths: 14.
num_vsnodes_births: 2.
num_vsnodes_deaths: 0.
num_space_committed: 1093.
num_space_uncommitted: 0.
num_chunks_returned_to_freelist: 23.
num_chunks_taken_from_freelist: 4018.
num_chunk_merges: 10.
num_chunk_splits: 2482.
num_chunks_enlarged: 1440.
num_inconsistent_stats: 0.

CodeHeap 'non-profiled nmethods': size=120000Kb used=6713Kb max_used=6713Kb free=113286Kb
 bounds [0x00000224bc3a0000, 0x00000224bca30000, 0x00000224c38d0000]
CodeHeap 'profiled nmethods': size=120000Kb used=20181Kb max_used=20181Kb free=99818Kb
 bounds [0x00000224b48d0000, 0x00000224b5c90000, 0x00000224bbe00000]
CodeHeap 'non-nmethods': size=5760Kb used=1472Kb max_used=1564Kb free=4288Kb
 bounds [0x00000224bbe00000, 0x00000224bc070000, 0x00000224bc3a0000]
CodeCache: size=245760Kb, used=28366Kb, max_used=28458Kb, free=217392Kb
 total_blobs=10051, nmethods=9260, adapters=697, full_count=0
Compilation: enabled, stopped_count=0, restarted_count=0

Compilation events (20 events):
Event: 447.046 Thread 0x00000224c877d3a0 nmethod 9828 0x00000224bca1d210 code [0x00000224bca1d3c0, 0x00000224bca1d7a8]
Event: 447.046 Thread 0x00000224c877d3a0 9909       4       org.eclipse.jdt.internal.compiler.parser.ScannerHelper::isJavaIdentifierPart (28 bytes)
Event: 447.046 Thread 0x00000224c877d3a0 nmethod 9909 0x00000224bca1da10 code [0x00000224bca1dba0, 0x00000224bca1dc68]
Event: 447.046 Thread 0x00000224c877d3a0 9908       4       org.eclipse.jdt.internal.compiler.parser.ScannerHelper::isJavaIdentifierStart (28 bytes)
Event: 447.047 Thread 0x00000224c877d3a0 nmethod 9908 0x00000224bca1dd10 code [0x00000224bca1dea0, 0x00000224bca1df80]
Event: 447.047 Thread 0x00000224c877d3a0 9905       4       org.eclipse.jdt.internal.compiler.env.ITypeAnnotationWalker$1::toMethodReturn (2 bytes)
Event: 447.047 Thread 0x00000224c877d3a0 nmethod 9905 0x00000224bca1e090 code [0x00000224bca1e220, 0x00000224bca1e2a8]
Event: 447.047 Thread 0x00000224c877d3a0 9882       4       java.util.concurrent.locks.ReentrantReadWriteLock$ReadLock::lock (9 bytes)
Event: 447.050 Thread 0x00000224c877d3a0 nmethod 9882 0x00000224bca1e390 code [0x00000224bca1e560, 0x00000224bca1e8c0]
Event: 447.050 Thread 0x00000224c877d3a0 9878       4       org.eclipse.jdt.internal.compiler.util.ObjectVector::elementAt (7 bytes)
Event: 447.051 Thread 0x00000224c877d3a0 nmethod 9878 0x00000224bca1ec10 code [0x00000224bca1eda0, 0x00000224bca1ee70]
Event: 447.051 Thread 0x00000224c877d3a0 9890       4       org.eclipse.jdt.internal.compiler.env.ITypeAnnotationWalker$1::toMethodParameter (2 bytes)
Event: 447.051 Thread 0x00000224c877d3a0 nmethod 9890 0x00000224bca1ef10 code [0x00000224bca1f0a0, 0x00000224bca1f128]
Event: 447.051 Thread 0x00000224c877d3a0 9900       4       org.eclipse.jdt.internal.compiler.env.ITypeAnnotationWalker$1::getAnnotationsAtCursor (4 bytes)
Event: 447.051 Thread 0x00000224c877d3a0 nmethod 9900 0x00000224bca1f210 code [0x00000224bca1f3a0, 0x00000224bca1f430]
Event: 447.051 Thread 0x00000224c877d3a0 9904       4       org.eclipse.jdt.internal.compiler.env.ITypeAnnotationWalker$1::toReceiver (2 bytes)
Event: 447.051 Thread 0x00000224c877d3a0 nmethod 9904 0x00000224bca1f510 code [0x00000224bca1f6a0, 0x00000224bca1f728]
Event: 447.051 Thread 0x00000224c877d3a0 9928       4       org.eclipse.jdt.internal.core.PackageFragmentRoot::getPath (5 bytes)
Event: 447.051 Thread 0x00000224c877d3a0 nmethod 9928 0x00000224bca1f810 code [0x00000224bca1f9a0, 0x00000224bca1fa50]
Event: 447.051 Thread 0x00000224c877d3a0 9923 %     4       org.lombokweb.asm.ClassReader::readCode @ 2037 (5117 bytes)

GC Heap History (20 events):
Event: 36.487 GC heap before
{Heap before GC invocations=37 (full 2):
 PSYoungGen      total 18432K, used 18215K [0x00000000d5580000, 0x00000000d6d00000, 0x0000000100000000)
  eden space 16896K, 100% used [0x00000000d5580000,0x00000000d6600000,0x00000000d6600000)
  from space 1536K, 85% used [0x00000000d6b80000,0x00000000d6cc9e70,0x00000000d6d00000)
  to   space 3072K, 0% used [0x00000000d6700000,0x00000000d6700000,0x00000000d6a00000)
 ParOldGen       total 68608K, used 51973K [0x0000000080000000, 0x0000000084300000, 0x00000000d5580000)
  object space 68608K, 75% used [0x0000000080000000,0x00000000832c1418,0x0000000084300000)
 Metaspace       used 56725K, committed 57920K, reserved 1114112K
  class space    used 6190K, committed 6720K, reserved 1048576K
}
Event: 36.489 GC heap after
{Heap after GC invocations=37 (full 2):
 PSYoungGen      total 19968K, used 695K [0x00000000d5580000, 0x00000000d6c00000, 0x0000000100000000)
  eden space 16896K, 0% used [0x00000000d5580000,0x00000000d5580000,0x00000000d6600000)
  from space 3072K, 22% used [0x00000000d6700000,0x00000000d67ade88,0x00000000d6a00000)
  to   space 1536K, 0% used [0x00000000d6a80000,0x00000000d6a80000,0x00000000d6c00000)
 ParOldGen       total 68608K, used 52261K [0x0000000080000000, 0x0000000084300000, 0x00000000d5580000)
  object space 68608K, 76% used [0x0000000080000000,0x00000000833097e8,0x0000000084300000)
 Metaspace       used 56725K, committed 57920K, reserved 1114112K
  class space    used 6190K, committed 6720K, reserved 1048576K
}
Event: 37.555 GC heap before
{Heap before GC invocations=38 (full 2):
 PSYoungGen      total 19968K, used 14671K [0x00000000d5580000, 0x00000000d6c00000, 0x0000000100000000)
  eden space 16896K, 82% used [0x00000000d5580000,0x00000000d6325ec0,0x00000000d6600000)
  from space 3072K, 22% used [0x00000000d6700000,0x00000000d67ade88,0x00000000d6a00000)
  to   space 1536K, 0% used [0x00000000d6a80000,0x00000000d6a80000,0x00000000d6c00000)
 ParOldGen       total 68608K, used 52261K [0x0000000080000000, 0x0000000084300000, 0x00000000d5580000)
  object space 68608K, 76% used [0x0000000080000000,0x00000000833097e8,0x0000000084300000)
 Metaspace       used 58545K, committed 59776K, reserved 1114112K
  class space    used 6329K, committed 6912K, reserved 1048576K
}
Event: 37.556 GC heap after
{Heap after GC invocations=38 (full 2):
 PSYoungGen      total 17408K, used 416K [0x00000000d5580000, 0x00000000d6b00000, 0x0000000100000000)
  eden space 16896K, 0% used [0x00000000d5580000,0x00000000d5580000,0x00000000d6600000)
  from space 512K, 81% used [0x00000000d6a80000,0x00000000d6ae8000,0x00000000d6b00000)
  to   space 1024K, 0% used [0x00000000d6900000,0x00000000d6900000,0x00000000d6a00000)
 ParOldGen       total 68608K, used 52285K [0x0000000080000000, 0x0000000084300000, 0x00000000d5580000)
  object space 68608K, 76% used [0x0000000080000000,0x000000008330f7e8,0x0000000084300000)
 Metaspace       used 58545K, committed 59776K, reserved 1114112K
  class space    used 6329K, committed 6912K, reserved 1048576K
}
Event: 37.556 GC heap before
{Heap before GC invocations=39 (full 3):
 PSYoungGen      total 17408K, used 416K [0x00000000d5580000, 0x00000000d6b00000, 0x0000000100000000)
  eden space 16896K, 0% used [0x00000000d5580000,0x00000000d5580000,0x00000000d6600000)
  from space 512K, 81% used [0x00000000d6a80000,0x00000000d6ae8000,0x00000000d6b00000)
  to   space 1024K, 0% used [0x00000000d6900000,0x00000000d6900000,0x00000000d6a00000)
 ParOldGen       total 68608K, used 52285K [0x0000000080000000, 0x0000000084300000, 0x00000000d5580000)
  object space 68608K, 76% used [0x0000000080000000,0x000000008330f7e8,0x0000000084300000)
 Metaspace       used 58545K, committed 59776K, reserved 1114112K
  class space    used 6329K, committed 6912K, reserved 1048576K
}
Event: 37.646 GC heap after
{Heap after GC invocations=39 (full 3):
 PSYoungGen      total 17408K, used 0K [0x00000000d5580000, 0x00000000d6b00000, 0x0000000100000000)
  eden space 16896K, 0% used [0x00000000d5580000,0x00000000d5580000,0x00000000d6600000)
  from space 512K, 0% used [0x00000000d6a80000,0x00000000d6a80000,0x00000000d6b00000)
  to   space 1024K, 0% used [0x00000000d6900000,0x00000000d6900000,0x00000000d6a00000)
 ParOldGen       total 68608K, used 41019K [0x0000000080000000, 0x0000000084300000, 0x00000000d5580000)
  object space 68608K, 59% used [0x0000000080000000,0x000000008280efc0,0x0000000084300000)
 Metaspace       used 58545K, committed 59776K, reserved 1114112K
  class space    used 6329K, committed 6912K, reserved 1048576K
}
Event: 38.195 GC heap before
{Heap before GC invocations=40 (full 3):
 PSYoungGen      total 17408K, used 16894K [0x00000000d5580000, 0x00000000d6b00000, 0x0000000100000000)
  eden space 16896K, 99% used [0x00000000d5580000,0x00000000d65ffa18,0x00000000d6600000)
  from space 512K, 0% used [0x00000000d6a80000,0x00000000d6a80000,0x00000000d6b00000)
  to   space 1024K, 0% used [0x00000000d6900000,0x00000000d6900000,0x00000000d6a00000)
 ParOldGen       total 68608K, used 41019K [0x0000000080000000, 0x0000000084300000, 0x00000000d5580000)
  object space 68608K, 59% used [0x0000000080000000,0x000000008280efc0,0x0000000084300000)
 Metaspace       used 60382K, committed 61696K, reserved 1114112K
  class space    used 6525K, committed 7104K, reserved 1048576K
}
Event: 38.196 GC heap after
{Heap after GC invocations=40 (full 3):
 PSYoungGen      total 17920K, used 712K [0x00000000d5580000, 0x00000000d6b00000, 0x0000000100000000)
  eden space 16896K, 0% used [0x00000000d5580000,0x00000000d5580000,0x00000000d6600000)
  from space 1024K, 69% used [0x00000000d6900000,0x00000000d69b21e8,0x00000000d6a00000)
  to   space 1024K, 0% used [0x00000000d6a00000,0x00000000d6a00000,0x00000000d6b00000)
 ParOldGen       total 68608K, used 41027K [0x0000000080000000, 0x0000000084300000, 0x00000000d5580000)
  object space 68608K, 59% used [0x0000000080000000,0x0000000082810fc0,0x0000000084300000)
 Metaspace       used 60382K, committed 61696K, reserved 1114112K
  class space    used 6525K, committed 7104K, reserved 1048576K
}
Event: 38.643 GC heap before
{Heap before GC invocations=41 (full 3):
 PSYoungGen      total 17920K, used 17608K [0x00000000d5580000, 0x00000000d6b00000, 0x0000000100000000)
  eden space 16896K, 100% used [0x00000000d5580000,0x00000000d6600000,0x00000000d6600000)
  from space 1024K, 69% used [0x00000000d6900000,0x00000000d69b21e8,0x00000000d6a00000)
  to   space 1024K, 0% used [0x00000000d6a00000,0x00000000d6a00000,0x00000000d6b00000)
 ParOldGen       total 68608K, used 41027K [0x0000000080000000, 0x0000000084300000, 0x00000000d5580000)
  object space 68608K, 59% used [0x0000000080000000,0x0000000082810fc0,0x0000000084300000)
 Metaspace       used 62742K, committed 63936K, reserved 1114112K
  class space    used 6776K, committed 7296K, reserved 1048576K
}
Event: 38.645 GC heap after
{Heap after GC invocations=41 (full 3):
 PSYoungGen      total 17920K, used 993K [0x00000000d5580000, 0x00000000d6b00000, 0x0000000100000000)
  eden space 16896K, 0% used [0x00000000d5580000,0x00000000d5580000,0x00000000d6600000)
  from space 1024K, 97% used [0x00000000d6a00000,0x00000000d6af87a8,0x00000000d6b00000)
  to   space 2048K, 0% used [0x00000000d6700000,0x00000000d6700000,0x00000000d6900000)
 ParOldGen       total 68608K, used 41846K [0x0000000080000000, 0x0000000084300000, 0x00000000d5580000)
  object space 68608K, 60% used [0x0000000080000000,0x00000000828dda98,0x0000000084300000)
 Metaspace       used 62742K, committed 63936K, reserved 1114112K
  class space    used 6776K, committed 7296K, reserved 1048576K
}
Event: 39.047 GC heap before
{Heap before GC invocations=42 (full 3):
 PSYoungGen      total 17920K, used 17885K [0x00000000d5580000, 0x00000000d6b00000, 0x0000000100000000)
  eden space 16896K, 99% used [0x00000000d5580000,0x00000000d65fefb8,0x00000000d6600000)
  from space 1024K, 97% used [0x00000000d6a00000,0x00000000d6af87a8,0x00000000d6b00000)
  to   space 2048K, 0% used [0x00000000d6700000,0x00000000d6700000,0x00000000d6900000)
 ParOldGen       total 68608K, used 41846K [0x0000000080000000, 0x0000000084300000, 0x00000000d5580000)
  object space 68608K, 60% used [0x0000000080000000,0x00000000828dda98,0x0000000084300000)
 Metaspace       used 64155K, committed 65472K, reserved 1114112K
  class space    used 6927K, committed 7488K, reserved 1048576K
}
Event: 39.051 GC heap after
{Heap after GC invocations=42 (full 3):
 PSYoungGen      total 18944K, used 2030K [0x00000000d5580000, 0x00000000d7100000, 0x0000000100000000)
  eden space 16896K, 0% used [0x00000000d5580000,0x00000000d5580000,0x00000000d6600000)
  from space 2048K, 99% used [0x00000000d6700000,0x00000000d68fb8e0,0x00000000d6900000)
  to   space 5632K, 0% used [0x00000000d6b80000,0x00000000d6b80000,0x00000000d7100000)
 ParOldGen       total 68608K, used 44802K [0x0000000080000000, 0x0000000084300000, 0x00000000d5580000)
  object space 68608K, 65% used [0x0000000080000000,0x0000000082bc0970,0x0000000084300000)
 Metaspace       used 64155K, committed 65472K, reserved 1114112K
  class space    used 6927K, committed 7488K, reserved 1048576K
}
Event: 39.461 GC heap before
{Heap before GC invocations=43 (full 3):
 PSYoungGen      total 18944K, used 18904K [0x00000000d5580000, 0x00000000d7100000, 0x0000000100000000)
  eden space 16896K, 99% used [0x00000000d5580000,0x00000000d65faab0,0x00000000d6600000)
  from space 2048K, 99% used [0x00000000d6700000,0x00000000d68fb8e0,0x00000000d6900000)
  to   space 5632K, 0% used [0x00000000d6b80000,0x00000000d6b80000,0x00000000d7100000)
 ParOldGen       total 68608K, used 44802K [0x0000000080000000, 0x0000000084300000, 0x00000000d5580000)
  object space 68608K, 65% used [0x0000000080000000,0x0000000082bc0970,0x0000000084300000)
 Metaspace       used 65251K, committed 66624K, reserved 1114112K
  class space    used 7003K, committed 7616K, reserved 1048576K
}
Event: 39.465 GC heap after
{Heap after GC invocations=43 (full 3):
 PSYoungGen      total 19456K, used 2055K [0x00000000d5580000, 0x00000000d6e00000, 0x0000000100000000)
  eden space 16896K, 0% used [0x00000000d5580000,0x00000000d5580000,0x00000000d6600000)
  from space 2560K, 80% used [0x00000000d6b80000,0x00000000d6d81ff0,0x00000000d6e00000)
  to   space 3584K, 0% used [0x00000000d6700000,0x00000000d6700000,0x00000000d6a80000)
 ParOldGen       total 68608K, used 46832K [0x0000000080000000, 0x0000000084300000, 0x00000000d5580000)
  object space 68608K, 68% used [0x0000000080000000,0x0000000082dbc360,0x0000000084300000)
 Metaspace       used 65251K, committed 66624K, reserved 1114112K
  class space    used 7003K, committed 7616K, reserved 1048576K
}
Event: 39.873 GC heap before
{Heap before GC invocations=44 (full 3):
 PSYoungGen      total 19456K, used 18951K [0x00000000d5580000, 0x00000000d6e00000, 0x0000000100000000)
  eden space 16896K, 100% used [0x00000000d5580000,0x00000000d6600000,0x00000000d6600000)
  from space 2560K, 80% used [0x00000000d6b80000,0x00000000d6d81ff0,0x00000000d6e00000)
  to   space 3584K, 0% used [0x00000000d6700000,0x00000000d6700000,0x00000000d6a80000)
 ParOldGen       total 68608K, used 46832K [0x0000000080000000, 0x0000000084300000, 0x00000000d5580000)
  object space 68608K, 68% used [0x0000000080000000,0x0000000082dbc360,0x0000000084300000)
 Metaspace       used 66355K, committed 67712K, reserved 1114112K
  class space    used 7124K, committed 7744K, reserved 1048576K
}
Event: 39.876 GC heap after
{Heap after GC invocations=44 (full 3):
 PSYoungGen      total 20480K, used 505K [0x00000000d5580000, 0x00000000d6c00000, 0x0000000100000000)
  eden space 16896K, 0% used [0x00000000d5580000,0x00000000d5580000,0x00000000d6600000)
  from space 3584K, 14% used [0x00000000d6700000,0x00000000d677e470,0x00000000d6a80000)
  to   space 1536K, 0% used [0x00000000d6a80000,0x00000000d6a80000,0x00000000d6c00000)
 ParOldGen       total 68608K, used 48472K [0x0000000080000000, 0x0000000084300000, 0x00000000d5580000)
  object space 68608K, 70% used [0x0000000080000000,0x0000000082f56198,0x0000000084300000)
 Metaspace       used 66355K, committed 67712K, reserved 1114112K
  class space    used 7124K, committed 7744K, reserved 1048576K
}
Event: 445.622 GC heap before
{Heap before GC invocations=45 (full 3):
 PSYoungGen      total 20480K, used 17401K [0x00000000d5580000, 0x00000000d6c00000, 0x0000000100000000)
  eden space 16896K, 100% used [0x00000000d5580000,0x00000000d6600000,0x00000000d6600000)
  from space 3584K, 14% used [0x00000000d6700000,0x00000000d677e470,0x00000000d6a80000)
  to   space 1536K, 0% used [0x00000000d6a80000,0x00000000d6a80000,0x00000000d6c00000)
 ParOldGen       total 68608K, used 48472K [0x0000000080000000, 0x0000000084300000, 0x00000000d5580000)
  object space 68608K, 70% used [0x0000000080000000,0x0000000082f56198,0x0000000084300000)
 Metaspace       used 67097K, committed 68480K, reserved 1114112K
  class space    used 7188K, committed 7808K, reserved 1048576K
}
Event: 445.662 GC heap after
{Heap after GC invocations=45 (full 3):
 PSYoungGen      total 18432K, used 1073K [0x00000000d5580000, 0x00000000d6c00000, 0x0000000100000000)
  eden space 16896K, 0% used [0x00000000d5580000,0x00000000d5580000,0x00000000d6600000)
  from space 1536K, 69% used [0x00000000d6a80000,0x00000000d6b8c710,0x00000000d6c00000)
  to   space 1536K, 0% used [0x00000000d6900000,0x00000000d6900000,0x00000000d6a80000)
 ParOldGen       total 68608K, used 48761K [0x0000000080000000, 0x0000000084300000, 0x00000000d5580000)
  object space 68608K, 71% used [0x0000000080000000,0x0000000082f9e608,0x0000000084300000)
 Metaspace       used 67097K, committed 68480K, reserved 1114112K
  class space    used 7188K, committed 7808K, reserved 1048576K
}
Event: 447.123 GC heap before
{Heap before GC invocations=46 (full 3):
 PSYoungGen      total 18432K, used 17969K [0x00000000d5580000, 0x00000000d6c00000, 0x0000000100000000)
  eden space 16896K, 100% used [0x00000000d5580000,0x00000000d6600000,0x00000000d6600000)
  from space 1536K, 69% used [0x00000000d6a80000,0x00000000d6b8c710,0x00000000d6c00000)
  to   space 1536K, 0% used [0x00000000d6900000,0x00000000d6900000,0x00000000d6a80000)
 ParOldGen       total 68608K, used 48761K [0x0000000080000000, 0x0000000084300000, 0x00000000d5580000)
  object space 68608K, 71% used [0x0000000080000000,0x0000000082f9e608,0x0000000084300000)
 Metaspace       used 67925K, committed 69312K, reserved 1114112K
  class space    used 7316K, committed 7936K, reserved 1048576K
}
Event: 447.130 GC heap after
{Heap after GC invocations=46 (full 3):
 PSYoungGen      total 18432K, used 1331K [0x00000000d5580000, 0x00000000d6b00000, 0x0000000100000000)
  eden space 16896K, 0% used [0x00000000d5580000,0x00000000d5580000,0x00000000d6600000)
  from space 1536K, 86% used [0x00000000d6900000,0x00000000d6a4cd78,0x00000000d6a80000)
  to   space 512K, 0% used [0x00000000d6a80000,0x00000000d6a80000,0x00000000d6b00000)
 ParOldGen       total 68608K, used 49664K [0x0000000080000000, 0x0000000084300000, 0x00000000d5580000)
  object space 68608K, 72% used [0x0000000080000000,0x0000000083080248,0x0000000084300000)
 Metaspace       used 67925K, committed 69312K, reserved 1114112K
  class space    used 7316K, committed 7936K, reserved 1048576K
}

Dll operation events (12 events):
Event: 0.024 Loaded shared library c:\Users\acer\.vscode\extensions\redhat.java-1.50.0-win32-x64\jre\21.0.9-win32-x86_64\bin\java.dll
Event: 0.218 Loaded shared library c:\Users\acer\.vscode\extensions\redhat.java-1.50.0-win32-x64\jre\21.0.9-win32-x86_64\bin\zip.dll
Event: 0.271 Loaded shared library C:\Users\acer\.vscode\extensions\redhat.java-1.50.0-win32-x64\jre\21.0.9-win32-x86_64\bin\instrument.dll
Event: 0.290 Loaded shared library C:\Users\acer\.vscode\extensions\redhat.java-1.50.0-win32-x64\jre\21.0.9-win32-x86_64\bin\net.dll
Event: 0.293 Loaded shared library C:\Users\acer\.vscode\extensions\redhat.java-1.50.0-win32-x64\jre\21.0.9-win32-x86_64\bin\nio.dll
Event: 0.298 Loaded shared library C:\Users\acer\.vscode\extensions\redhat.java-1.50.0-win32-x64\jre\21.0.9-win32-x86_64\bin\zip.dll
Event: 0.354 Loaded shared library C:\Users\acer\.vscode\extensions\redhat.java-1.50.0-win32-x64\jre\21.0.9-win32-x86_64\bin\jimage.dll
Event: 0.553 Loaded shared library c:\Users\acer\.vscode\extensions\redhat.java-1.50.0-win32-x64\jre\21.0.9-win32-x86_64\bin\verify.dll
Event: 13.310 Loaded shared library C:\Users\acer\AppData\Roaming\Code\User\globalStorage\redhat.java\1.50.0\config_win\org.eclipse.equinox.launcher\org.eclipse.equinox.launcher.win32.win32.x86_64_1.2.1400.v20250801-0854\eclipse_11916.dll
Event: 27.755 Loaded shared library C:\Users\acer\AppData\Local\Temp\jna-2988111\jna12921841614001851904.dll
Event: 31.210 Loaded shared library C:\Users\acer\.vscode\extensions\redhat.java-1.50.0-win32-x64\jre\21.0.9-win32-x86_64\bin\sunmscapi.dll
Event: 31.498 Loaded shared library C:\Users\acer\.vscode\extensions\redhat.java-1.50.0-win32-x64\jre\21.0.9-win32-x86_64\bin\extnet.dll

Deoptimization events (20 events):
Event: 446.651 Thread 0x00000225105a18a0 DEOPT PACKING pc=0x00000224bc9e6750 sp=0x00000069d31fd2a0
Event: 446.651 Thread 0x00000225105a18a0 DEOPT UNPACKING pc=0x00000224bbe53aa2 sp=0x00000069d31fd218 mode 2
Event: 446.651 Thread 0x00000225105a18a0 Uncommon trap: trap_request=0xffffffc6 fr.pc=0x00000224bc9e6750 relative=0x00000000000009f0
Event: 446.651 Thread 0x00000225105a18a0 Uncommon trap: reason=bimorphic_or_optimized_type_check action=maybe_recompile pc=0x00000224bc9e6750 method=org.eclipse.jdt.internal.compiler.parser.Parser.consumeRule(I)V @ 7687 c2
Event: 446.651 Thread 0x00000225105a18a0 DEOPT PACKING pc=0x00000224bc9e6750 sp=0x00000069d31fd2a0
Event: 446.651 Thread 0x00000225105a18a0 DEOPT UNPACKING pc=0x00000224bbe53aa2 sp=0x00000069d31fd218 mode 2
Event: 446.668 Thread 0x00000225105a18a0 Uncommon trap: trap_request=0xffffffc6 fr.pc=0x00000224bc9e6750 relative=0x00000000000009f0
Event: 446.668 Thread 0x00000225105a18a0 Uncommon trap: reason=bimorphic_or_optimized_type_check action=maybe_recompile pc=0x00000224bc9e6750 method=org.eclipse.jdt.internal.compiler.parser.Parser.consumeRule(I)V @ 7687 c2
Event: 446.668 Thread 0x00000225105a18a0 DEOPT PACKING pc=0x00000224bc9e6750 sp=0x00000069d31fd2a0
Event: 446.668 Thread 0x00000225105a18a0 DEOPT UNPACKING pc=0x00000224bbe53aa2 sp=0x00000069d31fd218 mode 2
Event: 446.949 Thread 0x00000225142655d0 Uncommon trap: trap_request=0xffffff45 fr.pc=0x00000224bc9ad49c relative=0x00000000000015dc
Event: 446.949 Thread 0x00000225142655d0 Uncommon trap: reason=unstable_if action=reinterpret pc=0x00000224bc9ad49c method=org.eclipse.jdt.internal.compiler.parser.Scanner.internalScanIdentifierOrKeyword(II[C)Lorg/eclipse/jdt/internal/compiler/parser/TerminalToken; @ 687 c2
Event: 446.949 Thread 0x00000225142655d0 DEOPT PACKING pc=0x00000224bc9ad49c sp=0x00000069d0bfdae0
Event: 446.949 Thread 0x00000225142655d0 DEOPT UNPACKING pc=0x00000224bbe53aa2 sp=0x00000069d0bfda70 mode 2
Event: 446.959 Thread 0x00000225142655d0 Uncommon trap: trap_request=0xffffff45 fr.pc=0x00000224bc959454 relative=0x0000000000000534
Event: 446.959 Thread 0x00000225142655d0 Uncommon trap: reason=unstable_if action=reinterpret pc=0x00000224bc959454 method=org.eclipse.jdt.internal.compiler.parser.Scanner.getNextToken()Lorg/eclipse/jdt/internal/compiler/parser/TerminalToken; @ 144 c2
Event: 446.959 Thread 0x00000225142655d0 DEOPT PACKING pc=0x00000224bc959454 sp=0x00000069d0bfdcc0
Event: 446.959 Thread 0x00000225142655d0 DEOPT UNPACKING pc=0x00000224bbe53aa2 sp=0x00000069d0bfdc58 mode 2
Event: 446.960 Thread 0x00000225142662f0 DEOPT PACKING pc=0x00000224b59fa2c8 sp=0x00000069d29fd9c0
Event: 446.960 Thread 0x00000225142662f0 DEOPT UNPACKING pc=0x00000224bbe54242 sp=0x00000069d29fce08 mode 0

Classes loaded (20 events):
Event: 38.853 Loading class java/util/stream/ReduceOps$1ReducingSink
Event: 38.853 Loading class java/util/stream/ReduceOps$1ReducingSink done
Event: 38.991 Loading class java/util/LinkedList$LLSpliterator
Event: 38.991 Loading class java/util/LinkedList$LLSpliterator done
Event: 39.010 Loading class javax/xml/transform/TransformerConfigurationException
Event: 39.010 Loading class javax/xml/transform/TransformerConfigurationException done
Event: 39.177 Loading class java/util/AbstractList$RandomAccessSubList
Event: 39.178 Loading class java/util/AbstractList$SubList
Event: 39.178 Loading class java/util/AbstractList$SubList done
Event: 39.178 Loading class java/util/AbstractList$RandomAccessSubList done
Event: 39.178 Loading class java/util/AbstractList$SubList$1
Event: 39.179 Loading class java/util/AbstractList$SubList$1 done
Event: 39.407 Loading class jdk/internal/ref/CleanerImpl$InnocuousThreadFactory
Event: 39.412 Loading class jdk/internal/ref/CleanerImpl$InnocuousThreadFactory done
Event: 42.358 Loading class sun/security/ssl/Alert
Event: 42.363 Loading class sun/security/ssl/Alert done
Event: 42.363 Loading class sun/security/ssl/Alert$AlertConsumer
Event: 42.364 Loading class sun/security/ssl/Alert$AlertConsumer done
Event: 42.364 Loading class sun/security/ssl/Alert$Level
Event: 42.364 Loading class sun/security/ssl/Alert$Level done

Classes unloaded (7 events):
Event: 28.800 Thread 0x00000224c8772d60 Unloading class 0x00000224ca1a8800 'java/lang/invoke/LambdaForm$MH+0x00000224ca1a8800'
Event: 28.800 Thread 0x00000224c8772d60 Unloading class 0x00000224ca1a8400 'java/lang/invoke/LambdaForm$MH+0x00000224ca1a8400'
Event: 28.800 Thread 0x00000224c8772d60 Unloading class 0x00000224ca1a8000 'java/lang/invoke/LambdaForm$MH+0x00000224ca1a8000'
Event: 28.800 Thread 0x00000224c8772d60 Unloading class 0x00000224ca1a7c00 'java/lang/invoke/LambdaForm$MH+0x00000224ca1a7c00'
Event: 28.800 Thread 0x00000224c8772d60 Unloading class 0x00000224ca1a7800 'java/lang/invoke/LambdaForm$BMH+0x00000224ca1a7800'
Event: 28.800 Thread 0x00000224c8772d60 Unloading class 0x00000224ca1a7400 'java/lang/invoke/LambdaForm$DMH+0x00000224ca1a7400'
Event: 28.800 Thread 0x00000224c8772d60 Unloading class 0x00000224ca1a6000 'java/lang/invoke/LambdaForm$DMH+0x00000224ca1a6000'

Classes redefined (0 events):
No events

Internal exceptions (20 events):
Event: 38.903 Thread 0x00000225105a1f30 Exception <a 'java/lang/NoSuchMethodError'{0x00000000d6145578}: 'java.lang.Object java.lang.invoke.DirectMethodHandle$Holder.newInvokeSpecial(java.lang.Object, java.lang.Object, int)'> (0x00000000d6145578) 
thrown [s\src\hotspot\share\interpreter\linkResolver.cpp, line 773]
Event: 38.970 Thread 0x0000022514263b90 Exception <a 'sun/nio/fs/WindowsException'{0x00000000d6316b68}> (0x00000000d6316b68) 
thrown [s\src\hotspot\share\prims\jni.cpp, line 520]
Event: 38.971 Thread 0x0000022514263b90 Exception <a 'sun/nio/fs/WindowsException'{0x00000000d6317448}> (0x00000000d6317448) 
thrown [s\src\hotspot\share\prims\jni.cpp, line 520]
Event: 38.971 Thread 0x0000022514263b90 Exception <a 'sun/nio/fs/WindowsException'{0x00000000d6318360}> (0x00000000d6318360) 
thrown [s\src\hotspot\share\prims\jni.cpp, line 520]
Event: 38.971 Thread 0x0000022514263b90 Exception <a 'sun/nio/fs/WindowsException'{0x00000000d6318c40}> (0x00000000d6318c40) 
thrown [s\src\hotspot\share\prims\jni.cpp, line 520]
Event: 38.973 Thread 0x0000022514263b90 Exception <a 'sun/nio/fs/WindowsException'{0x00000000d631a268}> (0x00000000d631a268) 
thrown [s\src\hotspot\share\prims\jni.cpp, line 520]
Event: 38.973 Thread 0x0000022514263b90 Exception <a 'sun/nio/fs/WindowsException'{0x00000000d631ab48}> (0x00000000d631ab48) 
thrown [s\src\hotspot\share\prims\jni.cpp, line 520]
Event: 38.973 Thread 0x0000022514263b90 Exception <a 'sun/nio/fs/WindowsException'{0x00000000d631ba38}> (0x00000000d631ba38) 
thrown [s\src\hotspot\share\prims\jni.cpp, line 520]
Event: 38.973 Thread 0x0000022514263b90 Exception <a 'sun/nio/fs/WindowsException'{0x00000000d631c068}> (0x00000000d631c068) 
thrown [s\src\hotspot\share\prims\jni.cpp, line 520]
Event: 39.159 Thread 0x00000225142648b0 Exception <a 'java/lang/NoSuchMethodError'{0x00000000d5c92338}: 'java.lang.Object java.lang.invoke.DirectMethodHandle$Holder.invokeStaticInit(java.lang.Object, java.lang.Object, java.lang.Object)'> (0x00000000d5c92338) 
thrown [s\src\hotspot\share\interpreter\linkResolver.cpp, line 773]
Event: 39.510 Thread 0x00000225105a0b80 Exception <a 'java/io/FileNotFoundException'{0x00000000d597cd58}> (0x00000000d597cd58) 
thrown [s\src\hotspot\share\prims\jni.cpp, line 520]
Event: 39.510 Thread 0x00000225105a0b80 Exception <a 'java/io/FileNotFoundException'{0x00000000d597dd60}> (0x00000000d597dd60) 
thrown [s\src\hotspot\share\prims\jni.cpp, line 520]
Event: 39.511 Thread 0x00000225105a0b80 Exception <a 'java/io/FileNotFoundException'{0x00000000d597eac0}> (0x00000000d597eac0) 
thrown [s\src\hotspot\share\prims\jni.cpp, line 520]
Event: 41.321 Thread 0x0000022513580940 Exception <a 'java/lang/IncompatibleClassChangeError'{0x00000000d5e29210}: Found class java.lang.Object, but interface was expected> (0x00000000d5e29210) 
thrown [s\src\hotspot\share\interpreter\linkResolver.cpp, line 840]
Event: 41.332 Thread 0x0000022514264f40 Exception <a 'java/lang/ArrayIndexOutOfBoundsException'{0x00000000d6034ae8}> (0x00000000d6034ae8) 
thrown [s\src\hotspot\share\runtime\sharedRuntime.cpp, line 625]
Event: 49.677 Thread 0x0000022513580940 Exception <a 'java/lang/IncompatibleClassChangeError'{0x00000000d602d2d8}: Found class java.lang.Object, but interface was expected> (0x00000000d602d2d8) 
thrown [s\src\hotspot\share\interpreter\linkResolver.cpp, line 840]
Event: 445.753 Thread 0x0000022513580940 Exception <a 'java/lang/IncompatibleClassChangeError'{0x00000000d563a040}: Found class java.lang.Object, but interface was expected> (0x00000000d563a040) 
thrown [s\src\hotspot\share\interpreter\linkResolver.cpp, line 840]
Event: 445.774 Thread 0x00000225142627e0 Exception <a 'java/lang/NoSuchMethodError'{0x00000000d57196c8}: 'java.lang.Object java.lang.invoke.DirectMethodHandle$Holder.invokeSpecial(java.lang.Object, java.lang.Object, java.lang.Object, java.lang.Object, int, java.lang.Object, java.lang.Object)'> (0x00000000d57196c8) 
thrown [s\src\hotspot\share\interpreter\linkResolver.cpp, line 773]
Event: 445.774 Thread 0x0000022514267010 Exception <a 'java/lang/NoSuchMethodError'{0x00000000d57139d0}: 'java.lang.Object java.lang.invoke.DirectMethodHandle$Holder.invokeSpecial(java.lang.Object, java.lang.Object, java.lang.Object, java.lang.Object, int, java.lang.Object, java.lang.Object)'> (0x00000000d57139d0) 
thrown [s\src\hotspot\share\interpreter\linkResolver.cpp, line 773]
Event: 446.326 Thread 0x0000022514267010 Exception <a 'java/lang/ArrayIndexOutOfBoundsException'{0x00000000d5ca1738}> (0x00000000d5ca1738) 
thrown [s\src\hotspot\share\runtime\sharedRuntime.cpp, line 625]

ZGC Phase Switch (0 events):
No events

VM Operations (20 events):
Event: 420.815 Executing VM operation: HandshakeAllThreads (HandshakeForDeflation)
Event: 420.827 Executing VM operation: HandshakeAllThreads (HandshakeForDeflation) done
Event: 420.829 Executing VM operation: RendezvousGCThreads
Event: 420.829 Executing VM operation: RendezvousGCThreads done
Event: 443.962 Executing VM operation: Cleanup
Event: 443.964 Executing VM operation: Cleanup done
Event: 444.970 Executing VM operation: Cleanup
Event: 444.972 Executing VM operation: Cleanup done
Event: 445.621 Executing VM operation: ParallelGCFailedAllocation (Allocation Failure)
Event: 445.662 Executing VM operation: ParallelGCFailedAllocation (Allocation Failure) done
Event: 445.847 Executing VM operation: HandshakeAllThreads (Deoptimize)
Event: 445.847 Executing VM operation: HandshakeAllThreads (Deoptimize) done
Event: 445.848 Executing VM operation: HandshakeAllThreads (Deoptimize)
Event: 445.848 Executing VM operation: HandshakeAllThreads (Deoptimize) done
Event: 446.852 Executing VM operation: Cleanup
Event: 446.932 Executing VM operation: Cleanup done
Event: 446.947 Executing VM operation: HandshakeAllThreads (Deoptimize)
Event: 446.947 Executing VM operation: HandshakeAllThreads (Deoptimize) done
Event: 447.123 Executing VM operation: ParallelGCFailedAllocation (Allocation Failure)
Event: 447.130 Executing VM operation: ParallelGCFailedAllocation (Allocation Failure) done

Memory protections (0 events):
No events

Nmethod flushes (20 events):
Event: 37.589 Thread 0x00000224c8772d60 flushing osr nmethod 0x00000224b5127390
Event: 37.589 Thread 0x00000224c8772d60 flushing osr nmethod 0x00000224b5129090
Event: 37.589 Thread 0x00000224c8772d60 flushing osr nmethod 0x00000224b5156590
Event: 37.589 Thread 0x00000224c8772d60 flushing  nmethod 0x00000224b5176810
Event: 37.589 Thread 0x00000224c8772d60 flushing  nmethod 0x00000224b517e210
Event: 37.589 Thread 0x00000224c8772d60 flushing  nmethod 0x00000224b517ee10
Event: 37.589 Thread 0x00000224c8772d60 flushing  nmethod 0x00000224b518d190
Event: 37.589 Thread 0x00000224c8772d60 flushing  nmethod 0x00000224b519e410
Event: 37.589 Thread 0x00000224c8772d60 flushing  nmethod 0x00000224b51a2810
Event: 37.589 Thread 0x00000224c8772d60 flushing  nmethod 0x00000224b51a3190
Event: 37.589 Thread 0x00000224c8772d60 flushing  nmethod 0x00000224b51a4590
Event: 37.589 Thread 0x00000224c8772d60 flushing  nmethod 0x00000224b51a7010
Event: 37.589 Thread 0x00000224c8772d60 flushing  nmethod 0x00000224b51b8110
Event: 37.589 Thread 0x00000224c8772d60 flushing  nmethod 0x00000224b51b9a10
Event: 37.589 Thread 0x00000224c8772d60 flushing  nmethod 0x00000224b51ba010
Event: 37.589 Thread 0x00000224c8772d60 flushing  nmethod 0x00000224b51baf90
Event: 37.589 Thread 0x00000224c8772d60 flushing  nmethod 0x00000224b51bf590
Event: 37.589 Thread 0x00000224c8772d60 flushing  nmethod 0x00000224b51c9010
Event: 37.589 Thread 0x00000224c8772d60 flushing  nmethod 0x00000224b51ce110
Event: 37.589 Thread 0x00000224c8772d60 flushing  nmethod 0x00000224b51f0310

Events (20 events):
Event: 43.308 Thread 0x0000022513584ae0 Thread exited: 0x0000022513584ae0
Event: 47.365 Thread 0x0000022513585e90 Thread exited: 0x0000022513585e90
Event: 99.821 Thread 0x000002251059f7d0 Thread exited: 0x000002251059f7d0
Event: 99.837 Thread 0x00000225105a0b80 Thread exited: 0x00000225105a0b80
Event: 99.870 Thread 0x000002251059f140 Thread exited: 0x000002251059f140
Event: 99.870 Thread 0x000002251059eab0 Thread exited: 0x000002251059eab0
Event: 109.886 Thread 0x0000022514264f40 Thread exited: 0x0000022514264f40
Event: 169.889 Thread 0x00000225142648b0 Thread exited: 0x00000225142648b0
Event: 229.890 Thread 0x0000022514263b90 Thread exited: 0x0000022514263b90
Event: 289.891 Thread 0x00000225142655d0 Thread exited: 0x00000225142655d0
Event: 301.688 Thread 0x0000022513580940 Thread added: 0x00000225142648b0
Event: 361.704 Thread 0x00000225142648b0 Thread exited: 0x00000225142648b0
Event: 445.745 Thread 0x0000022513580940 Thread added: 0x00000225142627e0
Event: 445.756 Thread 0x00000225142627e0 Thread added: 0x0000022514264f40
Event: 445.762 Thread 0x0000022513580940 Thread added: 0x00000225142655d0
Event: 445.766 Thread 0x0000022513580940 Thread added: 0x00000225142662f0
Event: 445.767 Thread 0x00000225142662f0 Thread added: 0x0000022514266980
Event: 445.768 Thread 0x0000022514266980 Thread added: 0x0000022514267010
Event: 445.768 Thread 0x0000022514267010 Thread added: 0x0000022514263b90
Event: 445.891 Thread 0x00000224c87ad4c0 Thread added: 0x00000225122eba90


Dynamic libraries:
0x00007ff7da6b0000 - 0x00007ff7da6be000 	c:\Users\acer\.vscode\extensions\redhat.java-1.50.0-win32-x64\jre\21.0.9-win32-x86_64\bin\java.exe
0x00007ffe4ca60000 - 0x00007ffe4ccc7000 	C:\WINDOWS\SYSTEM32\ntdll.dll
0x00007ffe4b1c0000 - 0x00007ffe4b289000 	C:\WINDOWS\System32\KERNEL32.DLL
0x00007ffe49e50000 - 0x00007ffe4a23f000 	C:\WINDOWS\System32\KERNELBASE.dll
0x00007ffe4a530000 - 0x00007ffe4a67b000 	C:\WINDOWS\System32\ucrtbase.dll
0x00007ffddbc30000 - 0x00007ffddbc48000 	c:\Users\acer\.vscode\extensions\redhat.java-1.50.0-win32-x64\jre\21.0.9-win32-x86_64\bin\jli.dll
0x00007ffde5d90000 - 0x00007ffde5dae000 	c:\Users\acer\.vscode\extensions\redhat.java-1.50.0-win32-x64\jre\21.0.9-win32-x86_64\bin\VCRUNTIME140.dll
0x00007ffe4c420000 - 0x00007ffe4c5e5000 	C:\WINDOWS\System32\USER32.dll
0x00007ffe4a250000 - 0x00007ffe4a277000 	C:\WINDOWS\System32\win32u.dll
0x00007ffe4b350000 - 0x00007ffe4b37b000 	C:\WINDOWS\System32\GDI32.dll
0x00007ffe49bb0000 - 0x00007ffe49cdc000 	C:\WINDOWS\System32\gdi32full.dll
0x00007ffe4a280000 - 0x00007ffe4a323000 	C:\WINDOWS\System32\msvcp_win.dll
0x00007ffe36ed0000 - 0x00007ffe37163000 	C:\WINDOWS\WinSxS\amd64_microsoft.windows.common-controls_6595b64144ccf1df_6.0.26100.7309_none_3e05feeae336a044\COMCTL32.dll
0x00007ffe4c370000 - 0x00007ffe4c419000 	C:\WINDOWS\System32\msvcrt.dll
0x00007ffe4c330000 - 0x00007ffe4c361000 	C:\WINDOWS\System32\IMM32.DLL
0x00007ffe32b30000 - 0x00007ffe32b3c000 	c:\Users\acer\.vscode\extensions\redhat.java-1.50.0-win32-x64\jre\21.0.9-win32-x86_64\bin\vcruntime140_1.dll
0x00007ffda1be0000 - 0x00007ffda1c6d000 	c:\Users\acer\.vscode\extensions\redhat.java-1.50.0-win32-x64\jre\21.0.9-win32-x86_64\bin\msvcp140.dll
0x00007ffd8f430000 - 0x00007ffd901d0000 	c:\Users\acer\.vscode\extensions\redhat.java-1.50.0-win32-x64\jre\21.0.9-win32-x86_64\bin\server\jvm.dll
0x00007ffe4c860000 - 0x00007ffe4c914000 	C:\WINDOWS\System32\ADVAPI32.dll
0x00007ffe4a820000 - 0x00007ffe4a8c6000 	C:\WINDOWS\System32\sechost.dll
0x00007ffe4b380000 - 0x00007ffe4b498000 	C:\WINDOWS\System32\RPCRT4.dll
0x00007ffe4bf70000 - 0x00007ffe4bfe4000 	C:\WINDOWS\System32\WS2_32.dll
0x00007ffe49410000 - 0x00007ffe4946e000 	C:\WINDOWS\SYSTEM32\POWRPROF.dll
0x00007ffe37170000 - 0x00007ffe371a5000 	C:\WINDOWS\SYSTEM32\WINMM.dll
0x00007ffe41ba0000 - 0x00007ffe41bab000 	C:\WINDOWS\SYSTEM32\VERSION.dll
0x00007ffe493f0000 - 0x00007ffe49404000 	C:\WINDOWS\SYSTEM32\UMPDC.dll
0x00007ffe48930000 - 0x00007ffe4894b000 	C:\WINDOWS\SYSTEM32\kernel.appcore.dll
0x00007ffe323f0000 - 0x00007ffe323fa000 	c:\Users\acer\.vscode\extensions\redhat.java-1.50.0-win32-x64\jre\21.0.9-win32-x86_64\bin\jimage.dll
0x00007ffe407d0000 - 0x00007ffe40a12000 	C:\WINDOWS\SYSTEM32\DBGHELP.DLL
0x00007ffe4a920000 - 0x00007ffe4aca5000 	C:\WINDOWS\System32\combase.dll
0x00007ffe4bcb0000 - 0x00007ffe4bd86000 	C:\WINDOWS\System32\OLEAUT32.dll
0x00007ffe35ad0000 - 0x00007ffe35b0c000 	C:\WINDOWS\SYSTEM32\dbgcore.DLL
0x00007ffe49da0000 - 0x00007ffe49e45000 	C:\WINDOWS\System32\bcryptPrimitives.dll
0x00007ffe2fe20000 - 0x00007ffe2fe2f000 	c:\Users\acer\.vscode\extensions\redhat.java-1.50.0-win32-x64\jre\21.0.9-win32-x86_64\bin\instrument.dll
0x00007ffdeb530000 - 0x00007ffdeb550000 	c:\Users\acer\.vscode\extensions\redhat.java-1.50.0-win32-x64\jre\21.0.9-win32-x86_64\bin\java.dll
0x00007ffe4b520000 - 0x00007ffe4bc73000 	C:\WINDOWS\System32\SHELL32.dll
0x00007ffe4a3c0000 - 0x00007ffe4a52a000 	C:\WINDOWS\System32\wintypes.dll
0x00007ffe47790000 - 0x00007ffe47fee000 	C:\WINDOWS\SYSTEM32\windows.storage.dll
0x00007ffe4c090000 - 0x00007ffe4c185000 	C:\WINDOWS\System32\SHCORE.dll
0x00007ffe4acb0000 - 0x00007ffe4ad16000 	C:\WINDOWS\System32\shlwapi.dll
0x00007ffe49ad0000 - 0x00007ffe49af9000 	C:\WINDOWS\SYSTEM32\profapi.dll
0x00007ffddbad0000 - 0x00007ffddbae8000 	c:\Users\acer\.vscode\extensions\redhat.java-1.50.0-win32-x64\jre\21.0.9-win32-x86_64\bin\zip.dll
0x00007ffe2fd50000 - 0x00007ffe2fd60000 	C:\Users\acer\.vscode\extensions\redhat.java-1.50.0-win32-x64\jre\21.0.9-win32-x86_64\bin\net.dll
0x00007ffe427b0000 - 0x00007ffe428d8000 	C:\WINDOWS\SYSTEM32\WINHTTP.dll
0x00007ffe48ed0000 - 0x00007ffe48f3b000 	C:\WINDOWS\system32\mswsock.dll
0x00007ffde3450000 - 0x00007ffde3466000 	C:\Users\acer\.vscode\extensions\redhat.java-1.50.0-win32-x64\jre\21.0.9-win32-x86_64\bin\nio.dll
0x00007ffe2a100000 - 0x00007ffe2a110000 	c:\Users\acer\.vscode\extensions\redhat.java-1.50.0-win32-x64\jre\21.0.9-win32-x86_64\bin\verify.dll
0x00007ffdc18b0000 - 0x00007ffdc18f4000 	C:\Users\acer\AppData\Roaming\Code\User\globalStorage\redhat.java\1.50.0\config_win\org.eclipse.equinox.launcher\org.eclipse.equinox.launcher.win32.win32.x86_64_1.2.1400.v20250801-0854\eclipse_11916.dll
0x00007ffe4c190000 - 0x00007ffe4c327000 	C:\WINDOWS\System32\ole32.dll
0x00007ffe49210000 - 0x00007ffe4922b000 	C:\WINDOWS\SYSTEM32\CRYPTSP.dll
0x00007ffe48890000 - 0x00007ffe488ca000 	C:\WINDOWS\system32\rsaenh.dll
0x00007ffe48ff0000 - 0x00007ffe4901b000 	C:\WINDOWS\SYSTEM32\USERENV.dll
0x00007ffe49aa0000 - 0x00007ffe49aca000 	C:\WINDOWS\SYSTEM32\bcrypt.dll
0x00007ffe49200000 - 0x00007ffe4920c000 	C:\WINDOWS\SYSTEM32\CRYPTBASE.dll
0x00007ffe48310000 - 0x00007ffe48344000 	C:\WINDOWS\SYSTEM32\IPHLPAPI.DLL
0x00007ffe4c000000 - 0x00007ffe4c00a000 	C:\WINDOWS\System32\NSI.dll
0x00007ffdc3d50000 - 0x00007ffdc3d99000 	C:\Users\acer\AppData\Local\Temp\jna-2988111\jna12921841614001851904.dll
0x00007ffe4b1b0000 - 0x00007ffe4b1b8000 	C:\WINDOWS\System32\PSAPI.DLL
0x00007ffe421d0000 - 0x00007ffe421ee000 	C:\WINDOWS\SYSTEM32\dhcpcsvc6.DLL
0x00007ffe42020000 - 0x00007ffe42043000 	C:\WINDOWS\SYSTEM32\dhcpcsvc.DLL
0x00007ffe2f9b0000 - 0x00007ffe2f9be000 	C:\Users\acer\.vscode\extensions\redhat.java-1.50.0-win32-x64\jre\21.0.9-win32-x86_64\bin\sunmscapi.dll
0x00007ffe4a680000 - 0x00007ffe4a7f7000 	C:\WINDOWS\System32\CRYPT32.dll
0x00007ffe494d0000 - 0x00007ffe49500000 	C:\WINDOWS\SYSTEM32\ncrypt.dll
0x00007ffe49480000 - 0x00007ffe494bf000 	C:\WINDOWS\SYSTEM32\NTASN1.dll
0x00007ffe483a0000 - 0x00007ffe484cc000 	C:\WINDOWS\SYSTEM32\DNSAPI.dll
0x00007ffe41550000 - 0x00007ffe4155b000 	C:\Windows\System32\rasadhlp.dll
0x00007ffe41560000 - 0x00007ffe415e6000 	C:\WINDOWS\System32\fwpuclnt.dll
0x00007ffe2f9a0000 - 0x00007ffe2f9a9000 	C:\Users\acer\.vscode\extensions\redhat.java-1.50.0-win32-x64\jre\21.0.9-win32-x86_64\bin\extnet.dll

JVMTI agents:
c:\Users\acer\.vscode\extensions\redhat.java-1.50.0-win32-x64\lombok\lombok-1.18.39-4050.jar path:c:\Users\acer\.vscode\extensions\redhat.java-1.50.0-win32-x64\jre\21.0.9-win32-x86_64\bin\instrument.dll, loaded, initialized, instrumentlib options:none

dbghelp: loaded successfully - version: 4.0.5 - missing functions: none
symbol engine: initialized successfully - sym options: 0x614 - pdb path: .;c:\Users\acer\.vscode\extensions\redhat.java-1.50.0-win32-x64\jre\21.0.9-win32-x86_64\bin;C:\WINDOWS\SYSTEM32;C:\WINDOWS\WinSxS\amd64_microsoft.windows.common-controls_6595b64144ccf1df_6.0.26100.7309_none_3e05feeae336a044;c:\Users\acer\.vscode\extensions\redhat.java-1.50.0-win32-x64\jre\21.0.9-win32-x86_64\bin\server;C:\Users\acer\AppData\Roaming\Code\User\globalStorage\redhat.java\1.50.0\config_win\org.eclipse.equinox.launcher\org.eclipse.equinox.launcher.win32.win32.x86_64_1.2.1400.v20250801-0854;C:\Users\acer\AppData\Local\Temp\jna-2988111

VM Arguments:
jvm_args: --add-modules=ALL-SYSTEM --add-opens=java.base/java.util=ALL-UNNAMED --add-opens=java.base/java.lang=ALL-UNNAMED --add-opens=java.base/sun.nio.fs=ALL-UNNAMED -Declipse.application=org.eclipse.jdt.ls.core.id1 -Dosgi.bundles.defaultStartLevel=4 -Declipse.product=org.eclipse.jdt.ls.core.product -Djava.import.generatesMetadataFilesAtProjectRoot=false -DDetectVMInstallationsJob.disabled=true -Dfile.encoding=utf8 -XX:+UseParallelGC -XX:GCTimeRatio=4 -XX:AdaptiveSizePolicyWeight=90 -Dsun.zip.disableMemoryMapping=true -Xmx2G -Xms100m -Xlog:disable -javaagent:c:\Users\acer\.vscode\extensions\redhat.java-1.50.0-win32-x64\lombok\lombok-1.18.39-4050.jar -XX:+HeapDumpOnOutOfMemoryError -XX:HeapDumpPath=c:\Users\acer\AppData\Roaming\Code\User\workspaceStorage\e195d4dfb732023b75cab44c90ab7c22\redhat.java -Daether.dependencyCollector.impl=bf 
java_command: c:\Users\acer\.vscode\extensions\redhat.java-1.50.0-win32-x64\server\plugins\org.eclipse.equinox.launcher_1.7.100.v20251111-0406.jar -configuration c:\Users\acer\AppData\Roaming\Code\User\globalStorage\redhat.java\1.50.0\config_win -data c:\Users\acer\AppData\Roaming\Code\User\workspaceStorage\e195d4dfb732023b75cab44c90ab7c22\redhat.java\jdt_ws --pipe=\\.\pipe\lsp-ac3f7733975a4e19bca28f118f69f624-sock
java_class_path (initial): c:\Users\acer\.vscode\extensions\redhat.java-1.50.0-win32-x64\server\plugins\org.eclipse.equinox.launcher_1.7.100.v20251111-0406.jar
Launcher Type: SUN_STANDARD

[Global flags]
    uintx AdaptiveSizePolicyWeight                 = 90                                        {product} {command line}
     intx CICompilerCount                          = 4                                         {product} {ergonomic}
    uintx GCTimeRatio                              = 4                                         {product} {command line}
     bool HeapDumpOnOutOfMemoryError               = true                                   {manageable} {command line}
    ccstr HeapDumpPath                             = c:\Users\acer\AppData\Roaming\Code\User\workspaceStorage\e195d4dfb732023b75cab44c90ab7c22\redhat.java         {manageable} {command line}
   size_t InitialHeapSize                          = 104857600                                 {product} {command line}
   size_t MaxHeapSize                              = 2147483648                                {product} {command line}
   size_t MaxNewSize                               = 715653120                                 {product} {ergonomic}
   size_t MinHeapDeltaBytes                        = 524288                                    {product} {ergonomic}
   size_t MinHeapSize                              = 104857600                                 {product} {command line}
   size_t NewSize                                  = 34603008                                  {product} {ergonomic}
    uintx NonNMethodCodeHeapSize                   = 5839372                                {pd product} {ergonomic}
    uintx NonProfiledCodeHeapSize                  = 122909434                              {pd product} {ergonomic}
   size_t OldSize                                  = 70254592                                  {product} {ergonomic}
     bool PerfDisableSharedMem                     = true                                      {product} {ergonomic}
    uintx ProfiledCodeHeapSize                     = 122909434                              {pd product} {ergonomic}
    uintx ReservedCodeCacheSize                    = 251658240                              {pd product} {ergonomic}
     bool SegmentedCodeCache                       = true                                      {product} {ergonomic}
   size_t SoftMaxHeapSize                          = 2147483648                             {manageable} {ergonomic}
     bool UseCompressedOops                        = true                           {product lp64_product} {ergonomic}
     bool UseLargePagesIndividualAllocation        = false                                  {pd product} {ergonomic}
     bool UseParallelGC                            = true                                      {product} {command line}

Logging:
Log output configuration:
 #0: stdout all=off uptime,level,tags foldmultilines=false
 #1: stderr all=off uptime,level,tags foldmultilines=false

Release file:
JAVA_VERSION="21.0.9" 
MODULES="java.base java.compiler java.datatransfer java.xml java.prefs java.desktop java.instrument java.logging java.management java.security.sasl java.naming java.rmi java.management.rmi java.net.http java.scripting java.security.jgss java.transaction.xa java.sql java.sql.rowset java.xml.crypto java.se java.smartcardio jdk.accessibility jdk.internal.jvmstat jdk.attach jdk.charsets jdk.internal.opt jdk.zipfs jdk.compiler jdk.crypto.ec jdk.crypto.cryptoki jdk.crypto.mscapi jdk.dynalink jdk.internal.ed jdk.editpad jdk.hotspot.agent jdk.httpserver jdk.internal.le jdk.internal.vm.ci jdk.internal.vm.compiler jdk.internal.vm.compiler.management jdk.jartool jdk.javadoc jdk.jcmd jdk.management jdk.management.agent jdk.jconsole jdk.jdeps jdk.jdwp.agent jdk.jdi jdk.jfr jdk.jshell jdk.jsobject jdk.jstatd jdk.localedata jdk.management.jfr jdk.naming.dns jdk.naming.rmi jdk.net jdk.nio.mapmode jdk.random jdk.sctp jdk.security.auth jdk.security.jgss jdk.unsupported jdk.unsupported.desktop jdk.xml.dom" 

Environment Variables:
JAVA_HOME=C:\Program Files\Java\jdk-17
PATH=;C:\oraclexe\app\oracle\product\11.2.0\server\bin;C:\Program Files\Common Files\Oracle\Java\javapath;C:\Python39\Scripts\;C:\Python39\;C:\Program Files (x86)\Common Files\Intel\Shared Libraries\redist\intel64\compiler;C:\Windows\system32;C:\Windows;C:\Windows\System32\Wbem;C:\Windows\System32\WindowsPowerShell\v1.0\;C:\Windows\System32\OpenSSH\;C:\Program Files (x86)\NVIDIA Corporation\PhysX\Common;C:\WINDOWS\system32;C:\WINDOWS;C:\WINDOWS\System32\Wbem;C:\WINDOWS\System32\WindowsPowerShell\v1.0\;C:\WINDOWS\System32\OpenSSH\;C:\ProgramData\chocolatey\bin;C:\Program Files\Git\cmd;C:\Android;C:\Program Files\dotnet\;C:\Program Files (x86)\Flash Magic;C:\WINDOWS\system32;C:\WINDOWS;C:\WINDOWS\System32\Wbem;C:\WINDOWS\System32\WindowsPowerShell\v1.0\;C:\WINDOWS\System32\OpenSSH\;C:\Program Files\Java\jdk-17\bin;C:\Program Files (x86)\Microsoft SQL Server\160\Tools\Binn\;C:\Program Files\Microsoft SQL Server\160\Tools\Binn\;C:\Program Files\Microsoft SQL Server\Client SDK\ODBC\170\Tools\Binn\;C:\Program Files\Microsoft SQL Server\160\DTS\Binn\;C:\Users\acer\AppData\Roaming\nvm;C:\Program Files\nodejs;C:\Program Files\apache-maven-3.9.6-bin\apache-maven-3.9.6\bin;C:\Program Files\Redis\;C:\Program Files\NVIDIA Corporation\NVIDIA app\NvDLISR;C:\Program Files\Docker\Docker\resources\bin;C:\Program Files\MySQL\MySQL Shell 8.0\bin\;C:\Users\acer\AppData\Local\Microsoft\WindowsApps;C:\Users\acer\AppData\Local\Programs\Microsoft VS Code\bin;C:\Program Files (x86)\mingw-w64\i686-8.1.0-posix-dwarf-rt_v6-rev0\mingw32\bin;C:\Program Files (x86)\Sun\JavaDB\bin;C:\Program Files (x86)\Java\jdk1.6.0_04\bin;C:\Program Files (x86)\Java\jdk1.6.0_04\jre\bin;C:\Program Files\MongoDB\Server\4.4\bin;C:\Program Files\heroku\bin;C:\Users\acer\anaconda3\include\thrust\system\cuda;C:\Program Files\Java\jdk-17\bin;C:\Program Files\Common Files\Oracle\Java\javapath;C:\Program Files\JetBrains\IntelliJ IDEA Community Edition 2023.3.2\bin;;C:\MinGW\bin;C:\Users\acer\AppData\Roaming\nvm;C:\Program Files\nodejs;C:\Program Files\nodejs;C:\Users\acer\AppData\Local\JetBrains\IntelliJ IDEA 2023.3.2\bin;;C:\Program Files\apache-maven-3.9.6-bin\apache-maven-3.9.6\bin;C:\Users\acer\.dotnet\tools;C:\Program Files\Nuget\nuget.exe;C:\Users\acer\AppData\Local\Programs\cursor\resources\app\bin
USERNAME=acer
OS=Windows_NT
PROCESSOR_IDENTIFIER=Intel64 Family 6 Model 158 Stepping 13, GenuineIntel
TMP=C:\Users\acer\AppData\Local\Temp
TEMP=C:\Users\acer\AppData\Local\Temp




Periodic native trim disabled

---------------  S Y S T E M  ---------------

OS:
 Windows 11 , 64 bit Build 26100 (10.0.26100.7309)
OS uptime: 4 days 17:45 hours
Hyper-V role detected

CPU: total 8 (initial active 8) (4 cores per cpu, 2 threads per core) family 6 model 158 stepping 13 microcode 0xde, cx8, cmov, fxsr, ht, mmx, 3dnowpref, sse, sse2, sse3, ssse3, sse4.1, sse4.2, popcnt, lzcnt, tsc, tscinvbit, avx, avx2, aes, erms, clmul, bmi1, bmi2, adx, fma, vzeroupper, clflush, clflushopt, hv, rdtscp, f16c
Processor Information for the first 8 processors :
  Max Mhz: 2400, Current Mhz: 2400, Mhz Limit: 2400

Memory: 4k page, system-wide physical 8029M (711M free)
TotalPageFile size 32605M (AvailPageFile size 8M)
current process WorkingSet (physical memory assigned to process): 173M, peak: 321M
current process commit charge ("private bytes"): 379M, peak: 408M

vm_info: OpenJDK 64-Bit Server VM (21.0.9+10-LTS) for windows-amd64 JRE (21.0.9+10-LTS), built on 2025-10-21T00:00:00Z by "admin" with unknown MS VC++:1942

END.
